<?xml version="1.0" encoding="UTF-8"?>
<!-- Generated by org.testng.reporters.JUnitReportReporter -->
<testsuite skipped="0" hostname="LAPTOP-PLBTIQVB" name="tests.BeforeTestDemo" tests="2" failures="0" timestamp="20 Jan 2021 09:48:04 GMT" time="0.014" errors="0">
  <testcase name="f2" time="0.002" classname="tests.BeforeTestDemo"/>
  <testcase name="f1" time="0.012" classname="tests.BeforeTestDemo"/>
</testsuite> <!-- tests.BeforeTestDemo -->
