<?xml version="1.0" encoding="UTF-8"?>
<!-- Generated by org.testng.reporters.JUnitReportReporter -->
<testsuite skipped="0" hostname="LAPTOP-PLBTIQVB" name="tests.Test1" tests="2" failures="0" timestamp="13 Apr 2019 08:45:24 GMT" time="0.012" errors="0">
  <testcase name="test2" time="0.002" classname="tests.Test1"/>
  <testcase name="test1" time="0.010" classname="tests.Test1"/>
</testsuite> <!-- tests.Test1 -->
