<?xml version="1.0" encoding="UTF-8"?>
<!-- Generated by org.testng.reporters.JUnitReportReporter -->
<testsuite skipped="0" hostname="LAPTOP-PLBTIQVB" name="groups.Group_2" tests="1" failures="0" timestamp="10 Nov 2020 15:06:56 GMT" time="0.007" errors="0">
  <testcase name="f" time="0.007" classname="groups.Group_2"/>
</testsuite> <!-- groups.Group_2 -->
